<?xml version="1.0" encoding="UTF-8"?>
<!-- Generated by org.testng.reporters.JUnitXMLReporter -->
<testsuite hostname="Kris-Laptop" ignored="0" name="REST API" tests="8" failures="0" timestamp="03 Jan 2018 12:57:14 GMT" time="7.61" errors="0">
  <testcase name="getPlaceAPI" time="4.514" classname="tests.basics"/>
  <testcase name="createPlaceAPI" time="0.295" classname="tests.basics2"/>
  <testcase name="postDataXML" time="0.341" classname="tests.basics4"/>
  <testcase name="getAndDeletePlace" time="0.552" classname="tests.basics3"/>
  <testcase name="JiraAPI" time="0.657" classname="tests.basics6"/>
  <testcase name="extractingNamesAPI" time="0.427" classname="tests.basics5"/>
  <testcase name="JiraAPIUpdate" time="0.397" classname="tests.basics8"/>
  <testcase name="JiraAPI" time="0.36" classname="tests.basics7"/>
</testsuite> <!-- REST API -->
